<html>
<body>
<pre>
<h1>Vision Build Log</h1>
<h2>Tool Versions:</h2>
IDE-Version: μVision V5.29.0.0
Copyright (C) 2019 ARM Ltd and ARM Germany GmbH. All rights reserved.
License Information:  ,  , LIC=LJWP0-B755J-WKPB8-3CJEZ-00QQG-TEN7I
 
Tool Versions:
Toolchain:       MDK-ARM Professional  Version: 5.29.0.0
Toolchain Path:  D:\MDK5.29\ARM\ARMCC\Bin
C Compiler:      Armcc.exe V5.06 update 6 (build 750)
Assembler:       Armasm.exe V5.06 update 6 (build 750)
Linker/Locator:  ArmLink.exe V5.06 update 6 (build 750)
Library Manager: ArmAr.exe V5.06 update 6 (build 750)
Hex Converter:   FromElf.exe V5.06 update 6 (build 750)
CPU DLL:         SARMCM3.DLL V5.29.0.0
Dialog DLL:      DARMCM1.DLL V1.19.2.0
Target DLL:      CMSIS_AGDI.dll V1.32.0.0
Dialog DLL:      TARMCM1.DLL V1.14.1.0
 
<h2>Project:</h2>
F:\ES32F0654\Project\ES320F654.uvprojx
Project File Date:  05/06/2020

<h2>Output:</h2>
*** Using Compiler 'V5.06 update 6 (build 750)', folder: 'D:\MDK5.29\ARM\ARMCC\Bin'
Rebuild target 'Target 1'
compiling bsp_uart.c...
..\BSP\UART\bsp_uart.c(123): error:  #20: identifier "UartHandle" is undefined
  	UartHandle.Instance        = Instance;
..\BSP\UART\bsp_uart.c(126): error:  #20: identifier "UART_WORDLENGTH_8B" is undefined
  	UartHandle.Init.WordLength = UART_WORDLENGTH_8B;
..\BSP\UART\bsp_uart.c(127): error:  #20: identifier "UART_STOPBITS_1" is undefined
  	UartHandle.Init.StopBits   = UART_STOPBITS_1;
..\BSP\UART\bsp_uart.c(129): error:  #20: identifier "UART_HWCONTROL_NONE" is undefined
  	UartHandle.Init.HwFlowCtl  = UART_HWCONTROL_NONE;
..\BSP\UART\bsp_uart.c(131): error:  #20: identifier "UART_OVERSAMPLING_16" is undefined
  	UartHandle.Init.OverSampling = UART_OVERSAMPLING_16;
..\BSP\UART\bsp_uart.c(132): warning:  #223-D: function "HAL_UART_Init" declared implicitly
  	if (HAL_UART_Init(&UartHandle) != HAL_OK)
..\BSP\UART\bsp_uart.c(132): error:  #20: identifier "HAL_OK" is undefined
  	if (HAL_UART_Init(&UartHandle) != HAL_OK)
..\BSP\UART\bsp_uart.c(134): warning:  #223-D: function "_Error_Handler" declared implicitly
  		_Error_Handler(__FILE__, __LINE__);
..\BSP\UART\bsp_uart.c(112): warning:  #177-D: variable "h_uart"  was declared but never referenced
  	uart_handle_t h_uart;
..\BSP\UART\bsp_uart.c(147): error:  #20: identifier "GPIO_InitTypeDef" is undefined
  	GPIO_InitTypeDef  GPIO_InitStruct;
..\BSP\UART\bsp_uart.c(260): error:  #20: identifier "COM4" is undefined
  		case COM4:
..\BSP\UART\bsp_uart.c(266): error:  #20: identifier "COM5" is undefined
  		case COM5:
..\BSP\UART\bsp_uart.c(272): error:  #20: identifier "COM6" is undefined
  		case COM6:
..\BSP\UART\bsp_uart.c(278): error:  #20: identifier "COM7" is undefined
  		case COM7:
..\BSP\UART\bsp_uart.c(284): error:  #20: identifier "COM8" is undefined
  		case COM8:
..\BSP\UART\bsp_uart.c(291): warning:  #223-D: function "_Error_Handler" declared implicitly
  			_Error_Handler(__FILE__, __LINE__);
..\BSP\UART\bsp_uart.c(316): error:  #20: identifier "USART2" is undefined
  			return USART2;
..\BSP\UART\bsp_uart.c(329): error:  #20: identifier "COM4" is undefined
  	else if (_ucPort == COM4)
..\BSP\UART\bsp_uart.c(337): error:  #20: identifier "COM5" is undefined
  	else if (_ucPort == COM5)
..\BSP\UART\bsp_uart.c(345): error:  #20: identifier "COM6" is undefined
  	else if (_ucPort == COM6)
..\BSP\UART\bsp_uart.c(353): error:  #20: identifier "COM7" is undefined
  	else if (_ucPort == COM7)
..\BSP\UART\bsp_uart.c(361): error:  #20: identifier "COM8" is undefined
  	else if (_ucPort == COM8)
..\BSP\UART\bsp_uart.c(440): error:  #20: identifier "UART_MODE_TX_RX" is undefined
  	bsp_setuartparam(USARTx,_BaudRate,UART_PARITY_NONE,UART_MODE_TX_RX);
..\BSP\UART\bsp_uart.c(477): error:  #136: struct "<unnamed>"  has no field "CR1"
  				if((_pUart->uart->CR1 & USART_CR1_TXEIE) == 0)
..\BSP\UART\bsp_uart.c(477): error:  #20: identifier "USART_CR1_TXEIE" is undefined
  				if((_pUart->uart->CR1 & USART_CR1_TXEIE) == 0)
..\BSP\UART\bsp_uart.c(479): error:  #136: struct "<unnamed>"  has no field "CR1"
  					SET_BIT(_pUart->uart->CR1, USART_CR1_TXEIE);
..\BSP\UART\bsp_uart.c(496): error:  #136: struct "<unnamed>"  has no field "CR1"
  	SET_BIT(_pUart->uart->CR1, USART_CR1_TXEIE);	/* 使能发送中断（缓冲区空） */
..\BSP\UART\bsp_uart.c(496): error:  #20: identifier "USART_CR1_TXEIE" is undefined
  	SET_BIT(_pUart->uart->CR1, USART_CR1_TXEIE);	/* 使能发送中断（缓冲区空） */
..\BSP\UART\bsp_uart.c(642): error:  #136: struct "<unnamed>"  has no field "CR1"
  	uint32_t cr1its     = READ_REG(_pUart->uart->CR1);
..\BSP\UART\bsp_uart.c(643): error:  #136: struct "<unnamed>"  has no field "CR3"
  	uint32_t cr3its     = READ_REG(_pUart->uart->CR3);
..\BSP\UART\bsp_uart.c(646): error:  #20: identifier "USART_SR_RXNE" is undefined
  	if ((isrflags & USART_SR_RXNE) != RESET)
..\BSP\UART\bsp_uart.c(651): error:  #136: struct "<unnamed>"  has no field "DR"
  		ch = READ_REG(_pUart->uart->DR);			/* 读取串口接收寄存器 */
..\BSP\UART\bsp_uart.c(670): error:  #20: identifier "USART_SR_TXE" is undefined
  	if ( ((isrflags & USART_SR_TXE) != RESET) && (cr1its & USART_CR1_TXEIE) != RESET)
..\BSP\UART\bsp_uart.c(670): error:  #20: identifier "USART_CR1_TXEIE" is undefined
  	if ( ((isrflags & USART_SR_TXE) != RESET) && (cr1its & USART_CR1_TXEIE) != RESET)
..\BSP\UART\bsp_uart.c: 4 warnings, 30 errors
compiling bsp.c...
compiling ald_calc.c...
compiling ald_bkpc.c...
compiling ald_acmp.c...
compiling ald_can.c...
compiling ald_crc.c...
compiling ald_adc.c...
compiling bsp_key.c...
compiling bsp_gpio.c...
compiling bsp_timer.c...
compiling ald_cmu.c...
compiling ald_crypt.c...
compiling ald_dma.c...
compiling ald_flash.c...
compiling ald_iap.c...
compiling ald_flash_ext.c...
compiling ald_pis.c...
compiling ald_i2c.c...
compiling ald_gpio.c...
compiling ald_pmu.c...
compiling ald_rtc.c...
compiling ald_rmu.c...
compiling ald_smartcard.c...
compiling ald_spi.c...
compiling ald_timer.c...
assembling startup_es32f065x.s...
compiling ald_trng.c...
compiling ald_tsense.c...
compiling ald_uart.c...
compiling ald_wdt.c...
compiling ald_usart.c...
compiling system_es32f065x.c...
compiling utils.c...
compiling main.c...
..\APP\main.c(5): warning:  #177-D: variable "keycode"  was declared but never referenced
  	uint8_t keycode;		/* 按键代码 */
..\APP\main.c: 1 warning, 0 errors
compiling irq.c...
".\Objects\ES320F654.axf" - 30 Error(s), 5 Warning(s).

<h2>Software Packages used:</h2>

Package Vendor: Eastsoft
                http://www.essemi.com/Eastsoft.ES32_DFP.1.0.6.pack
                Eastsoft.ES32_DFP.1.0.6
                Eastsoft ES32F0 Series Device Support, Drivers and Examples

<h2>Collection of Component include folders:</h2>
  .\RTE\_Target_1
  D:\MDK5.29\Eastsoft\ES32_DFP\1.0.6\Device\Include

<h2>Collection of Component Files used:</h2>
Target not created.
Build Time Elapsed:  00:00:03
</pre>
</body>
</html>
